{"/home/mike/workspace/ReactWebApp/src/App.tsx": {"path":"/home/mike/workspace/ReactWebApp/src/App.tsx","statementMap":{"0":{"start":{"line":4,"column":12},"end":{"line":6,"column":1}},"1":{"start":{"line":5,"column":1},"end":{"line":5,"column":26}}},"fnMap":{"0":{"name":"(anonymous_0)","decl":{"start":{"line":4,"column":12},"end":{"line":4,"column":13}},"loc":{"start":{"line":4,"column":18},"end":{"line":6,"column":1}},"line":4}},"branchMap":{},"s":{"0":1,"1":1},"f":{"0":1},"b":{},"_coverageSchema":"1a1c01bbd47fc00a2c39e90264f33305004495a9","hash":"874f3a8d4034ac20367680f049ab2bda28c81764"}
,"/home/mike/workspace/ReactWebApp/src/components/Start/StartComponent.tsx": {"path":"/home/mike/workspace/ReactWebApp/src/components/Start/StartComponent.tsx","statementMap":{"0":{"start":{"line":6,"column":4},"end":{"line":6,"column":39}}},"fnMap":{"0":{"name":"StartComponent","decl":{"start":{"line":5,"column":24},"end":{"line":5,"column":38}},"loc":{"start":{"line":5,"column":41},"end":{"line":7,"column":1}},"line":5}},"branchMap":{},"s":{"0":2},"f":{"0":2},"b":{},"_coverageSchema":"1a1c01bbd47fc00a2c39e90264f33305004495a9","hash":"18efc63198eeb04ac2ba38fd23d46d1268604a50"}
}
